ERROR - 2023-05-26 09:39:19 --> Error connecting to the database: mysqli_sql_exception: Unknown database 'appli_frais' in C:\Users\triks\Desktop\applifrais\system\Database\MySQLi\Connection.php:171
Stack trace:
#0 C:\Users\triks\Desktop\applifrais\system\Database\MySQLi\Connection.php(171): mysqli->real_connect('localhost', 'root', '', 'appli_frais', 3306, '', 0)
#1 C:\Users\triks\Desktop\applifrais\system\Database\BaseConnection.php(382): CodeIgniter\Database\MySQLi\Connection->connect(false)
#2 C:\Users\triks\Desktop\applifrais\system\Database\BaseConnection.php(561): CodeIgniter\Database\BaseConnection->initialize()
#3 C:\Users\triks\Desktop\applifrais\app\Models\DataAccess.php(31): CodeIgniter\Database\BaseConnection->query('select visiteur...', Array)
#4 C:\Users\triks\Desktop\applifrais\app\Models\Authentif.php(66): App\Models\DataAccess->getInfosVisiteur('dandre', 'oppg5')
#5 C:\Users\triks\Desktop\applifrais\app\Controllers\Anonyme.php(33): App\Models\Authentif->authentifier('dandre', 'oppg5')
#6 C:\Users\triks\Desktop\applifrais\system\CodeIgniter.php(927): App\Controllers\Anonyme->seConnecter()
#7 C:\Users\triks\Desktop\applifrais\system\CodeIgniter.php(482): CodeIgniter\CodeIgniter->runController(Object(App\Controllers\Anonyme))
#8 C:\Users\triks\Desktop\applifrais\system\CodeIgniter.php(351): CodeIgniter\CodeIgniter->handleRequest(NULL, Object(Config\Cache), false)
#9 C:\Users\triks\Desktop\applifrais\public\index.php(67): CodeIgniter\CodeIgniter->run()
#10 {main}

Next CodeIgniter\Database\Exceptions\DatabaseException: Unknown database 'appli_frais' in C:\Users\triks\Desktop\applifrais\system\Database\MySQLi\Connection.php:215
Stack trace:
#0 C:\Users\triks\Desktop\applifrais\system\Database\BaseConnection.php(382): CodeIgniter\Database\MySQLi\Connection->connect(false)
#1 C:\Users\triks\Desktop\applifrais\system\Database\BaseConnection.php(561): CodeIgniter\Database\BaseConnection->initialize()
#2 C:\Users\triks\Desktop\applifrais\app\Models\DataAccess.php(31): CodeIgniter\Database\BaseConnection->query('select visiteur...', Array)
#3 C:\Users\triks\Desktop\applifrais\app\Models\Authentif.php(66): App\Models\DataAccess->getInfosVisiteur('dandre', 'oppg5')
#4 C:\Users\triks\Desktop\applifrais\app\Controllers\Anonyme.php(33): App\Models\Authentif->authentifier('dandre', 'oppg5')
#5 C:\Users\triks\Desktop\applifrais\system\CodeIgniter.php(927): App\Controllers\Anonyme->seConnecter()
#6 C:\Users\triks\Desktop\applifrais\system\CodeIgniter.php(482): CodeIgniter\CodeIgniter->runController(Object(App\Controllers\Anonyme))
#7 C:\Users\triks\Desktop\applifrais\system\CodeIgniter.php(351): CodeIgniter\CodeIgniter->handleRequest(NULL, Object(Config\Cache), false)
#8 C:\Users\triks\Desktop\applifrais\public\index.php(67): CodeIgniter\CodeIgniter->run()
#9 {main}
CRITICAL - 2023-05-26 09:39:19 --> Unable to connect to the database.
Main connection [MySQLi]: Unknown database 'appli_frais'
in SYSTEMPATH\Database\BaseConnection.php on line 418.
 1 SYSTEMPATH\Database\BaseConnection.php(561): CodeIgniter\Database\BaseConnection->initialize()
 2 APPPATH\Models\DataAccess.php(31): CodeIgniter\Database\BaseConnection->query('select visiteur.id as id, visiteur.nom as nom, visiteur.prenom as prenom 
				from visiteur 
				where visiteur.login=? and visiteur.mdp=?', [...])
 3 APPPATH\Models\Authentif.php(66): App\Models\DataAccess->getInfosVisiteur('dandre', 'oppg5')
 4 APPPATH\Controllers\Anonyme.php(33): App\Models\Authentif->authentifier('dandre', 'oppg5')
 5 SYSTEMPATH\CodeIgniter.php(927): App\Controllers\Anonyme->seConnecter()
 6 SYSTEMPATH\CodeIgniter.php(482): CodeIgniter\CodeIgniter->runController(Object(App\Controllers\Anonyme))
 7 SYSTEMPATH\CodeIgniter.php(351): CodeIgniter\CodeIgniter->handleRequest(null, Object(Config\Cache), false)
 8 FCPATH\index.php(67): CodeIgniter\CodeIgniter->run()
CRITICAL - 2023-05-26 09:43:51 --> syntax error, unexpected token "return"
in APPPATH\Controllers\Visiteur.php on line 53.
 1 SYSTEMPATH\Router\Router.php(499): CodeIgniter\Router\AutoRouter->getRoute('visiteur/mesFiches')
 2 SYSTEMPATH\Router\Router.php(205): CodeIgniter\Router\Router->autoRoute('visiteur/mesFiches')
 3 SYSTEMPATH\CodeIgniter.php(802): CodeIgniter\Router\Router->handle('visiteur/mesFiches')
 4 SYSTEMPATH\CodeIgniter.php(430): CodeIgniter\CodeIgniter->tryToRouteIt(Object(CodeIgniter\Router\RouteCollection))
 5 SYSTEMPATH\CodeIgniter.php(351): CodeIgniter\CodeIgniter->handleRequest(null, Object(Config\Cache), false)
 6 FCPATH\index.php(67): CodeIgniter\CodeIgniter->run()
CRITICAL - 2023-05-26 09:50:19 --> Undefined variable $statut
in APPPATH\Views\l_visiteur.php on line 28.
 1 APPPATH\Views\l_visiteur.php(28): CodeIgniter\Debug\Exceptions->errorHandler(2, 'Undefined variable $statut', 'APPPATH\\Views\\l_visiteur.php', 28)
 2 SYSTEMPATH\View\View.php(213): include('APPPATH\\Views\\l_visiteur.php')
 3 SYSTEMPATH\View\View.php(216): CodeIgniter\View\View->CodeIgniter\View\{closure}()
 4 SYSTEMPATH\View\View.php(229): CodeIgniter\View\View->render('l_visiteur', [], true)
 5 SYSTEMPATH\Common.php(1134): CodeIgniter\View\View->render('v_visiteurMesFiches', [], true)
 6 APPPATH\Controllers\Visiteur.php(63): view('v_visiteurMesFiches', [...])
 7 SYSTEMPATH\CodeIgniter.php(927): App\Controllers\Visiteur->mesFiches()
 8 SYSTEMPATH\CodeIgniter.php(482): CodeIgniter\CodeIgniter->runController(Object(App\Controllers\Visiteur))
 9 SYSTEMPATH\CodeIgniter.php(351): CodeIgniter\CodeIgniter->handleRequest(null, Object(Config\Cache), false)
10 FCPATH\index.php(67): CodeIgniter\CodeIgniter->run()
CRITICAL - 2023-05-26 09:50:35 --> Undefined variable $statut
in APPPATH\Views\l_visiteur.php on line 28.
 1 APPPATH\Views\l_visiteur.php(28): CodeIgniter\Debug\Exceptions->errorHandler(2, 'Undefined variable $statut', 'APPPATH\\Views\\l_visiteur.php', 28)
 2 SYSTEMPATH\View\View.php(213): include('APPPATH\\Views\\l_visiteur.php')
 3 SYSTEMPATH\View\View.php(216): CodeIgniter\View\View->CodeIgniter\View\{closure}()
 4 SYSTEMPATH\View\View.php(229): CodeIgniter\View\View->render('l_visiteur', [], true)
 5 SYSTEMPATH\Common.php(1134): CodeIgniter\View\View->render('v_visiteurMesFiches', [], true)
 6 APPPATH\Controllers\Visiteur.php(63): view('v_visiteurMesFiches', [...])
 7 SYSTEMPATH\CodeIgniter.php(927): App\Controllers\Visiteur->mesFiches()
 8 SYSTEMPATH\CodeIgniter.php(482): CodeIgniter\CodeIgniter->runController(Object(App\Controllers\Visiteur))
 9 SYSTEMPATH\CodeIgniter.php(351): CodeIgniter\CodeIgniter->handleRequest(null, Object(Config\Cache), false)
10 FCPATH\index.php(67): CodeIgniter\CodeIgniter->run()
CRITICAL - 2023-05-26 09:50:36 --> Undefined variable $statut
in APPPATH\Views\l_visiteur.php on line 28.
 1 APPPATH\Views\l_visiteur.php(28): CodeIgniter\Debug\Exceptions->errorHandler(2, 'Undefined variable $statut', 'APPPATH\\Views\\l_visiteur.php', 28)
 2 SYSTEMPATH\View\View.php(213): include('APPPATH\\Views\\l_visiteur.php')
 3 SYSTEMPATH\View\View.php(216): CodeIgniter\View\View->CodeIgniter\View\{closure}()
 4 SYSTEMPATH\View\View.php(229): CodeIgniter\View\View->render('l_visiteur', [], true)
 5 SYSTEMPATH\Common.php(1134): CodeIgniter\View\View->render('v_visiteurMesFiches', [], true)
 6 APPPATH\Controllers\Visiteur.php(63): view('v_visiteurMesFiches', [...])
 7 SYSTEMPATH\CodeIgniter.php(927): App\Controllers\Visiteur->mesFiches()
 8 SYSTEMPATH\CodeIgniter.php(482): CodeIgniter\CodeIgniter->runController(Object(App\Controllers\Visiteur))
 9 SYSTEMPATH\CodeIgniter.php(351): CodeIgniter\CodeIgniter->handleRequest(null, Object(Config\Cache), false)
10 FCPATH\index.php(67): CodeIgniter\CodeIgniter->run()
CRITICAL - 2023-05-26 09:50:51 --> Undefined variable $idvisiteur
in APPPATH\Models\DataAccess.php on line 349.
 1 APPPATH\Models\DataAccess.php(349): CodeIgniter\Debug\Exceptions->errorHandler(2, 'Undefined variable $idvisiteur', 'APPPATH\\Models\\DataAccess.php', 349)
 2 APPPATH\Models\ActionsVisiteur.php(128): App\Models\DataAccess->getstat('a17')
 3 APPPATH\Controllers\Visiteur.php(52): App\Models\ActionsVisiteur->getstatut('a17')
 4 SYSTEMPATH\CodeIgniter.php(927): App\Controllers\Visiteur->index()
 5 SYSTEMPATH\CodeIgniter.php(482): CodeIgniter\CodeIgniter->runController(Object(App\Controllers\Visiteur))
 6 SYSTEMPATH\CodeIgniter.php(351): CodeIgniter\CodeIgniter->handleRequest(null, Object(Config\Cache), false)
 7 FCPATH\index.php(67): CodeIgniter\CodeIgniter->run()
CRITICAL - 2023-05-26 09:50:52 --> Undefined variable $idvisiteur
in APPPATH\Models\DataAccess.php on line 349.
 1 APPPATH\Models\DataAccess.php(349): CodeIgniter\Debug\Exceptions->errorHandler(2, 'Undefined variable $idvisiteur', 'APPPATH\\Models\\DataAccess.php', 349)
 2 APPPATH\Models\ActionsVisiteur.php(128): App\Models\DataAccess->getstat('a17')
 3 APPPATH\Controllers\Visiteur.php(52): App\Models\ActionsVisiteur->getstatut('a17')
 4 SYSTEMPATH\CodeIgniter.php(927): App\Controllers\Visiteur->index()
 5 SYSTEMPATH\CodeIgniter.php(482): CodeIgniter\CodeIgniter->runController(Object(App\Controllers\Visiteur))
 6 SYSTEMPATH\CodeIgniter.php(351): CodeIgniter\CodeIgniter->handleRequest(null, Object(Config\Cache), false)
 7 FCPATH\index.php(67): CodeIgniter\CodeIgniter->run()
CRITICAL - 2023-05-26 09:50:53 --> Undefined variable $idvisiteur
in APPPATH\Models\DataAccess.php on line 349.
 1 APPPATH\Models\DataAccess.php(349): CodeIgniter\Debug\Exceptions->errorHandler(2, 'Undefined variable $idvisiteur', 'APPPATH\\Models\\DataAccess.php', 349)
 2 APPPATH\Models\ActionsVisiteur.php(128): App\Models\DataAccess->getstat('a17')
 3 APPPATH\Controllers\Visiteur.php(52): App\Models\ActionsVisiteur->getstatut('a17')
 4 SYSTEMPATH\CodeIgniter.php(927): App\Controllers\Visiteur->index()
 5 SYSTEMPATH\CodeIgniter.php(482): CodeIgniter\CodeIgniter->runController(Object(App\Controllers\Visiteur))
 6 SYSTEMPATH\CodeIgniter.php(351): CodeIgniter\CodeIgniter->handleRequest(null, Object(Config\Cache), false)
 7 FCPATH\index.php(67): CodeIgniter\CodeIgniter->run()
CRITICAL - 2023-05-26 09:50:53 --> Undefined variable $statut
in APPPATH\Views\l_visiteur.php on line 28.
 1 APPPATH\Views\l_visiteur.php(28): CodeIgniter\Debug\Exceptions->errorHandler(2, 'Undefined variable $statut', 'APPPATH\\Views\\l_visiteur.php', 28)
 2 SYSTEMPATH\View\View.php(213): include('APPPATH\\Views\\l_visiteur.php')
 3 SYSTEMPATH\View\View.php(216): CodeIgniter\View\View->CodeIgniter\View\{closure}()
 4 SYSTEMPATH\View\View.php(229): CodeIgniter\View\View->render('l_visiteur', [], true)
 5 SYSTEMPATH\Common.php(1134): CodeIgniter\View\View->render('v_visiteurMesFiches', [], true)
 6 APPPATH\Controllers\Visiteur.php(63): view('v_visiteurMesFiches', [...])
 7 SYSTEMPATH\CodeIgniter.php(927): App\Controllers\Visiteur->mesFiches()
 8 SYSTEMPATH\CodeIgniter.php(482): CodeIgniter\CodeIgniter->runController(Object(App\Controllers\Visiteur))
 9 SYSTEMPATH\CodeIgniter.php(351): CodeIgniter\CodeIgniter->handleRequest(null, Object(Config\Cache), false)
10 FCPATH\index.php(67): CodeIgniter\CodeIgniter->run()
CRITICAL - 2023-05-26 09:52:28 --> Undefined variable $statut
in APPPATH\Views\l_visiteur.php on line 28.
 1 APPPATH\Views\l_visiteur.php(28): CodeIgniter\Debug\Exceptions->errorHandler(2, 'Undefined variable $statut', 'APPPATH\\Views\\l_visiteur.php', 28)
 2 SYSTEMPATH\View\View.php(213): include('APPPATH\\Views\\l_visiteur.php')
 3 SYSTEMPATH\View\View.php(216): CodeIgniter\View\View->CodeIgniter\View\{closure}()
 4 SYSTEMPATH\View\View.php(229): CodeIgniter\View\View->render('l_visiteur', [], true)
 5 SYSTEMPATH\Common.php(1134): CodeIgniter\View\View->render('v_visiteurMesFiches', [], true)
 6 APPPATH\Controllers\Visiteur.php(63): view('v_visiteurMesFiches', [...])
 7 SYSTEMPATH\CodeIgniter.php(927): App\Controllers\Visiteur->mesFiches()
 8 SYSTEMPATH\CodeIgniter.php(482): CodeIgniter\CodeIgniter->runController(Object(App\Controllers\Visiteur))
 9 SYSTEMPATH\CodeIgniter.php(351): CodeIgniter\CodeIgniter->handleRequest(null, Object(Config\Cache), false)
10 FCPATH\index.php(67): CodeIgniter\CodeIgniter->run()
CRITICAL - 2023-05-26 09:52:29 --> Undefined variable $statut
in APPPATH\Views\l_visiteur.php on line 28.
 1 APPPATH\Views\l_visiteur.php(28): CodeIgniter\Debug\Exceptions->errorHandler(2, 'Undefined variable $statut', 'APPPATH\\Views\\l_visiteur.php', 28)
 2 SYSTEMPATH\View\View.php(213): include('APPPATH\\Views\\l_visiteur.php')
 3 SYSTEMPATH\View\View.php(216): CodeIgniter\View\View->CodeIgniter\View\{closure}()
 4 SYSTEMPATH\View\View.php(229): CodeIgniter\View\View->render('l_visiteur', [], true)
 5 SYSTEMPATH\Common.php(1134): CodeIgniter\View\View->render('v_visiteurMesFiches', [], true)
 6 APPPATH\Controllers\Visiteur.php(63): view('v_visiteurMesFiches', [...])
 7 SYSTEMPATH\CodeIgniter.php(927): App\Controllers\Visiteur->mesFiches()
 8 SYSTEMPATH\CodeIgniter.php(482): CodeIgniter\CodeIgniter->runController(Object(App\Controllers\Visiteur))
 9 SYSTEMPATH\CodeIgniter.php(351): CodeIgniter\CodeIgniter->handleRequest(null, Object(Config\Cache), false)
10 FCPATH\index.php(67): CodeIgniter\CodeIgniter->run()
CRITICAL - 2023-05-26 09:52:29 --> Undefined variable $statut
in APPPATH\Views\l_visiteur.php on line 28.
 1 APPPATH\Views\l_visiteur.php(28): CodeIgniter\Debug\Exceptions->errorHandler(2, 'Undefined variable $statut', 'APPPATH\\Views\\l_visiteur.php', 28)
 2 SYSTEMPATH\View\View.php(213): include('APPPATH\\Views\\l_visiteur.php')
 3 SYSTEMPATH\View\View.php(216): CodeIgniter\View\View->CodeIgniter\View\{closure}()
 4 SYSTEMPATH\View\View.php(229): CodeIgniter\View\View->render('l_visiteur', [], true)
 5 SYSTEMPATH\Common.php(1134): CodeIgniter\View\View->render('v_visiteurMesFiches', [], true)
 6 APPPATH\Controllers\Visiteur.php(63): view('v_visiteurMesFiches', [...])
 7 SYSTEMPATH\CodeIgniter.php(927): App\Controllers\Visiteur->mesFiches()
 8 SYSTEMPATH\CodeIgniter.php(482): CodeIgniter\CodeIgniter->runController(Object(App\Controllers\Visiteur))
 9 SYSTEMPATH\CodeIgniter.php(351): CodeIgniter\CodeIgniter->handleRequest(null, Object(Config\Cache), false)
10 FCPATH\index.php(67): CodeIgniter\CodeIgniter->run()
CRITICAL - 2023-05-26 09:52:30 --> Undefined variable $statut
in APPPATH\Views\l_visiteur.php on line 28.
 1 APPPATH\Views\l_visiteur.php(28): CodeIgniter\Debug\Exceptions->errorHandler(2, 'Undefined variable $statut', 'APPPATH\\Views\\l_visiteur.php', 28)
 2 SYSTEMPATH\View\View.php(213): include('APPPATH\\Views\\l_visiteur.php')
 3 SYSTEMPATH\View\View.php(216): CodeIgniter\View\View->CodeIgniter\View\{closure}()
 4 SYSTEMPATH\View\View.php(229): CodeIgniter\View\View->render('l_visiteur', [], true)
 5 SYSTEMPATH\Common.php(1134): CodeIgniter\View\View->render('v_visiteurMesFiches', [], true)
 6 APPPATH\Controllers\Visiteur.php(63): view('v_visiteurMesFiches', [...])
 7 SYSTEMPATH\CodeIgniter.php(927): App\Controllers\Visiteur->mesFiches()
 8 SYSTEMPATH\CodeIgniter.php(482): CodeIgniter\CodeIgniter->runController(Object(App\Controllers\Visiteur))
 9 SYSTEMPATH\CodeIgniter.php(351): CodeIgniter\CodeIgniter->handleRequest(null, Object(Config\Cache), false)
10 FCPATH\index.php(67): CodeIgniter\CodeIgniter->run()
CRITICAL - 2023-05-26 09:56:48 --> Undefined variable $statut
in APPPATH\Views\l_visiteur.php on line 28.
 1 APPPATH\Views\l_visiteur.php(28): CodeIgniter\Debug\Exceptions->errorHandler(2, 'Undefined variable $statut', 'APPPATH\\Views\\l_visiteur.php', 28)
 2 SYSTEMPATH\View\View.php(213): include('APPPATH\\Views\\l_visiteur.php')
 3 SYSTEMPATH\View\View.php(216): CodeIgniter\View\View->CodeIgniter\View\{closure}()
 4 SYSTEMPATH\View\View.php(229): CodeIgniter\View\View->render('l_visiteur', [], true)
 5 SYSTEMPATH\Common.php(1134): CodeIgniter\View\View->render('v_visiteurMesFiches', [], true)
 6 APPPATH\Controllers\Visiteur.php(63): view('v_visiteurMesFiches', [...])
 7 SYSTEMPATH\CodeIgniter.php(927): App\Controllers\Visiteur->mesFiches()
 8 SYSTEMPATH\CodeIgniter.php(482): CodeIgniter\CodeIgniter->runController(Object(App\Controllers\Visiteur))
 9 SYSTEMPATH\CodeIgniter.php(351): CodeIgniter\CodeIgniter->handleRequest(null, Object(Config\Cache), false)
10 FCPATH\index.php(67): CodeIgniter\CodeIgniter->run()
CRITICAL - 2023-05-26 09:57:41 --> Undefined variable $statut
in APPPATH\Views\l_visiteur.php on line 28.
 1 APPPATH\Views\l_visiteur.php(28): CodeIgniter\Debug\Exceptions->errorHandler(2, 'Undefined variable $statut', 'APPPATH\\Views\\l_visiteur.php', 28)
 2 SYSTEMPATH\View\View.php(213): include('APPPATH\\Views\\l_visiteur.php')
 3 SYSTEMPATH\View\View.php(216): CodeIgniter\View\View->CodeIgniter\View\{closure}()
 4 SYSTEMPATH\View\View.php(229): CodeIgniter\View\View->render('l_visiteur', [], true)
 5 SYSTEMPATH\Common.php(1134): CodeIgniter\View\View->render('v_visiteurMesFiches', [], true)
 6 APPPATH\Controllers\Visiteur.php(63): view('v_visiteurMesFiches', [...])
 7 SYSTEMPATH\CodeIgniter.php(927): App\Controllers\Visiteur->mesFiches()
 8 SYSTEMPATH\CodeIgniter.php(482): CodeIgniter\CodeIgniter->runController(Object(App\Controllers\Visiteur))
 9 SYSTEMPATH\CodeIgniter.php(351): CodeIgniter\CodeIgniter->handleRequest(null, Object(Config\Cache), false)
10 FCPATH\index.php(67): CodeIgniter\CodeIgniter->run()
CRITICAL - 2023-05-26 09:57:46 --> Undefined variable $statut
in APPPATH\Views\l_visiteur.php on line 28.
 1 APPPATH\Views\l_visiteur.php(28): CodeIgniter\Debug\Exceptions->errorHandler(2, 'Undefined variable $statut', 'APPPATH\\Views\\l_visiteur.php', 28)
 2 SYSTEMPATH\View\View.php(213): include('APPPATH\\Views\\l_visiteur.php')
 3 SYSTEMPATH\View\View.php(216): CodeIgniter\View\View->CodeIgniter\View\{closure}()
 4 SYSTEMPATH\View\View.php(229): CodeIgniter\View\View->render('l_visiteur', [], true)
 5 SYSTEMPATH\Common.php(1134): CodeIgniter\View\View->render('v_visiteurMesFiches', [], true)
 6 APPPATH\Controllers\Visiteur.php(63): view('v_visiteurMesFiches', [...])
 7 SYSTEMPATH\CodeIgniter.php(927): App\Controllers\Visiteur->mesFiches()
 8 SYSTEMPATH\CodeIgniter.php(482): CodeIgniter\CodeIgniter->runController(Object(App\Controllers\Visiteur))
 9 SYSTEMPATH\CodeIgniter.php(351): CodeIgniter\CodeIgniter->handleRequest(null, Object(Config\Cache), false)
10 FCPATH\index.php(67): CodeIgniter\CodeIgniter->run()
CRITICAL - 2023-05-26 09:59:59 --> Undefined variable $idvisiteur
in APPPATH\Models\DataAccess.php on line 349.
 1 APPPATH\Models\DataAccess.php(349): CodeIgniter\Debug\Exceptions->errorHandler(2, 'Undefined variable $idvisiteur', 'APPPATH\\Models\\DataAccess.php', 349)
 2 APPPATH\Models\ActionsVisiteur.php(128): App\Models\DataAccess->getstat('a17')
 3 APPPATH\Controllers\Visiteur.php(52): App\Models\ActionsVisiteur->getstatut('a17')
 4 SYSTEMPATH\CodeIgniter.php(927): App\Controllers\Visiteur->index()
 5 SYSTEMPATH\CodeIgniter.php(482): CodeIgniter\CodeIgniter->runController(Object(App\Controllers\Visiteur))
 6 SYSTEMPATH\CodeIgniter.php(351): CodeIgniter\CodeIgniter->handleRequest(null, Object(Config\Cache), false)
 7 FCPATH\index.php(67): CodeIgniter\CodeIgniter->run()
CRITICAL - 2023-05-26 10:00:34 --> Undefined variable $idvisiteur
in APPPATH\Models\DataAccess.php on line 349.
 1 APPPATH\Models\DataAccess.php(349): CodeIgniter\Debug\Exceptions->errorHandler(2, 'Undefined variable $idvisiteur', 'APPPATH\\Models\\DataAccess.php', 349)
 2 APPPATH\Models\ActionsVisiteur.php(128): App\Models\DataAccess->getstat('a17')
 3 APPPATH\Controllers\Visiteur.php(52): App\Models\ActionsVisiteur->getstatut('a17')
 4 SYSTEMPATH\CodeIgniter.php(927): App\Controllers\Visiteur->index()
 5 SYSTEMPATH\CodeIgniter.php(482): CodeIgniter\CodeIgniter->runController(Object(App\Controllers\Visiteur))
 6 SYSTEMPATH\CodeIgniter.php(351): CodeIgniter\CodeIgniter->handleRequest(null, Object(Config\Cache), false)
 7 FCPATH\index.php(67): CodeIgniter\CodeIgniter->run()
CRITICAL - 2023-05-26 10:01:07 --> Undefined variable $idvisiteur
in APPPATH\Models\DataAccess.php on line 349.
 1 APPPATH\Models\DataAccess.php(349): CodeIgniter\Debug\Exceptions->errorHandler(2, 'Undefined variable $idvisiteur', 'APPPATH\\Models\\DataAccess.php', 349)
 2 APPPATH\Models\ActionsVisiteur.php(128): App\Models\DataAccess->getstat('a17')
 3 APPPATH\Controllers\Visiteur.php(52): App\Models\ActionsVisiteur->getstatut('a17')
 4 SYSTEMPATH\CodeIgniter.php(927): App\Controllers\Visiteur->index()
 5 SYSTEMPATH\CodeIgniter.php(482): CodeIgniter\CodeIgniter->runController(Object(App\Controllers\Visiteur))
 6 SYSTEMPATH\CodeIgniter.php(351): CodeIgniter\CodeIgniter->handleRequest(null, Object(Config\Cache), false)
 7 FCPATH\index.php(67): CodeIgniter\CodeIgniter->run()
CRITICAL - 2023-05-26 10:01:08 --> Undefined variable $idvisiteur
in APPPATH\Models\DataAccess.php on line 349.
 1 APPPATH\Models\DataAccess.php(349): CodeIgniter\Debug\Exceptions->errorHandler(2, 'Undefined variable $idvisiteur', 'APPPATH\\Models\\DataAccess.php', 349)
 2 APPPATH\Models\ActionsVisiteur.php(128): App\Models\DataAccess->getstat('a17')
 3 APPPATH\Controllers\Visiteur.php(52): App\Models\ActionsVisiteur->getstatut('a17')
 4 SYSTEMPATH\CodeIgniter.php(927): App\Controllers\Visiteur->index()
 5 SYSTEMPATH\CodeIgniter.php(482): CodeIgniter\CodeIgniter->runController(Object(App\Controllers\Visiteur))
 6 SYSTEMPATH\CodeIgniter.php(351): CodeIgniter\CodeIgniter->handleRequest(null, Object(Config\Cache), false)
 7 FCPATH\index.php(67): CodeIgniter\CodeIgniter->run()
CRITICAL - 2023-05-26 10:03:39 --> Array to string conversion
in APPPATH\Views\l_visiteur.php on line 28.
 1 APPPATH\Views\l_visiteur.php(28): CodeIgniter\Debug\Exceptions->errorHandler(2, 'Array to string conversion', 'APPPATH\\Views\\l_visiteur.php', 28)
 2 SYSTEMPATH\View\View.php(213): include('APPPATH\\Views\\l_visiteur.php')
 3 SYSTEMPATH\View\View.php(216): CodeIgniter\View\View->CodeIgniter\View\{closure}()
 4 SYSTEMPATH\View\View.php(229): CodeIgniter\View\View->render('l_visiteur', [], true)
 5 SYSTEMPATH\Common.php(1134): CodeIgniter\View\View->render('v_visiteurAccueil', [], true)
 6 APPPATH\Controllers\Visiteur.php(53): view('v_visiteurAccueil', [...])
 7 SYSTEMPATH\CodeIgniter.php(927): App\Controllers\Visiteur->index()
 8 SYSTEMPATH\CodeIgniter.php(482): CodeIgniter\CodeIgniter->runController(Object(App\Controllers\Visiteur))
 9 SYSTEMPATH\CodeIgniter.php(351): CodeIgniter\CodeIgniter->handleRequest(null, Object(Config\Cache), false)
10 FCPATH\index.php(67): CodeIgniter\CodeIgniter->run()
CRITICAL - 2023-05-26 10:07:43 --> Undefined variable $idvisiteur
in APPPATH\Models\DataAccess.php on line 349.
 1 APPPATH\Models\DataAccess.php(349): CodeIgniter\Debug\Exceptions->errorHandler(2, 'Undefined variable $idvisiteur', 'APPPATH\\Models\\DataAccess.php', 349)
 2 APPPATH\Models\ActionsVisiteur.php(128): App\Models\DataAccess->getstat('a17')
 3 APPPATH\Controllers\Visiteur.php(52): App\Models\ActionsVisiteur->getstatut('a17')
 4 SYSTEMPATH\CodeIgniter.php(927): App\Controllers\Visiteur->index()
 5 SYSTEMPATH\CodeIgniter.php(482): CodeIgniter\CodeIgniter->runController(Object(App\Controllers\Visiteur))
 6 SYSTEMPATH\CodeIgniter.php(351): CodeIgniter\CodeIgniter->handleRequest(null, Object(Config\Cache), false)
 7 FCPATH\index.php(67): CodeIgniter\CodeIgniter->run()
CRITICAL - 2023-05-26 10:08:31 --> Undefined variable $idvisiteur
in APPPATH\Models\DataAccess.php on line 349.
 1 APPPATH\Models\DataAccess.php(349): CodeIgniter\Debug\Exceptions->errorHandler(2, 'Undefined variable $idvisiteur', 'APPPATH\\Models\\DataAccess.php', 349)
 2 APPPATH\Models\ActionsVisiteur.php(128): App\Models\DataAccess->getstat('a131')
 3 APPPATH\Controllers\Visiteur.php(52): App\Models\ActionsVisiteur->getstatut('a17')
 4 SYSTEMPATH\CodeIgniter.php(927): App\Controllers\Visiteur->index()
 5 SYSTEMPATH\CodeIgniter.php(482): CodeIgniter\CodeIgniter->runController(Object(App\Controllers\Visiteur))
 6 SYSTEMPATH\CodeIgniter.php(351): CodeIgniter\CodeIgniter->handleRequest(null, Object(Config\Cache), false)
 7 FCPATH\index.php(67): CodeIgniter\CodeIgniter->run()
CRITICAL - 2023-05-26 10:09:00 --> Undefined variable $idvisiteur
in APPPATH\Models\DataAccess.php on line 349.
 1 APPPATH\Models\DataAccess.php(349): CodeIgniter\Debug\Exceptions->errorHandler(2, 'Undefined variable $idvisiteur', 'APPPATH\\Models\\DataAccess.php', 349)
 2 APPPATH\Models\ActionsVisiteur.php(128): App\Models\DataAccess->getstat('a131')
 3 APPPATH\Controllers\Visiteur.php(52): App\Models\ActionsVisiteur->getstatut('a131')
 4 SYSTEMPATH\CodeIgniter.php(927): App\Controllers\Visiteur->index()
 5 SYSTEMPATH\CodeIgniter.php(482): CodeIgniter\CodeIgniter->runController(Object(App\Controllers\Visiteur))
 6 SYSTEMPATH\CodeIgniter.php(351): CodeIgniter\CodeIgniter->handleRequest(null, Object(Config\Cache), false)
 7 FCPATH\index.php(67): CodeIgniter\CodeIgniter->run()
CRITICAL - 2023-05-26 10:09:01 --> Undefined variable $idvisiteur
in APPPATH\Models\DataAccess.php on line 349.
 1 APPPATH\Models\DataAccess.php(349): CodeIgniter\Debug\Exceptions->errorHandler(2, 'Undefined variable $idvisiteur', 'APPPATH\\Models\\DataAccess.php', 349)
 2 APPPATH\Models\ActionsVisiteur.php(128): App\Models\DataAccess->getstat('a131')
 3 APPPATH\Controllers\Visiteur.php(52): App\Models\ActionsVisiteur->getstatut('a131')
 4 SYSTEMPATH\CodeIgniter.php(927): App\Controllers\Visiteur->index()
 5 SYSTEMPATH\CodeIgniter.php(482): CodeIgniter\CodeIgniter->runController(Object(App\Controllers\Visiteur))
 6 SYSTEMPATH\CodeIgniter.php(351): CodeIgniter\CodeIgniter->handleRequest(null, Object(Config\Cache), false)
 7 FCPATH\index.php(67): CodeIgniter\CodeIgniter->run()
CRITICAL - 2023-05-26 10:09:01 --> Undefined variable $idvisiteur
in APPPATH\Models\DataAccess.php on line 349.
 1 APPPATH\Models\DataAccess.php(349): CodeIgniter\Debug\Exceptions->errorHandler(2, 'Undefined variable $idvisiteur', 'APPPATH\\Models\\DataAccess.php', 349)
 2 APPPATH\Models\ActionsVisiteur.php(128): App\Models\DataAccess->getstat('a131')
 3 APPPATH\Controllers\Visiteur.php(52): App\Models\ActionsVisiteur->getstatut('a131')
 4 SYSTEMPATH\CodeIgniter.php(927): App\Controllers\Visiteur->index()
 5 SYSTEMPATH\CodeIgniter.php(482): CodeIgniter\CodeIgniter->runController(Object(App\Controllers\Visiteur))
 6 SYSTEMPATH\CodeIgniter.php(351): CodeIgniter\CodeIgniter->handleRequest(null, Object(Config\Cache), false)
 7 FCPATH\index.php(67): CodeIgniter\CodeIgniter->run()
CRITICAL - 2023-05-26 10:09:01 --> Undefined variable $idvisiteur
in APPPATH\Models\DataAccess.php on line 349.
 1 APPPATH\Models\DataAccess.php(349): CodeIgniter\Debug\Exceptions->errorHandler(2, 'Undefined variable $idvisiteur', 'APPPATH\\Models\\DataAccess.php', 349)
 2 APPPATH\Models\ActionsVisiteur.php(128): App\Models\DataAccess->getstat('a131')
 3 APPPATH\Controllers\Visiteur.php(52): App\Models\ActionsVisiteur->getstatut('a131')
 4 SYSTEMPATH\CodeIgniter.php(927): App\Controllers\Visiteur->index()
 5 SYSTEMPATH\CodeIgniter.php(482): CodeIgniter\CodeIgniter->runController(Object(App\Controllers\Visiteur))
 6 SYSTEMPATH\CodeIgniter.php(351): CodeIgniter\CodeIgniter->handleRequest(null, Object(Config\Cache), false)
 7 FCPATH\index.php(67): CodeIgniter\CodeIgniter->run()
CRITICAL - 2023-05-26 10:09:01 --> Undefined variable $idvisiteur
in APPPATH\Models\DataAccess.php on line 349.
 1 APPPATH\Models\DataAccess.php(349): CodeIgniter\Debug\Exceptions->errorHandler(2, 'Undefined variable $idvisiteur', 'APPPATH\\Models\\DataAccess.php', 349)
 2 APPPATH\Models\ActionsVisiteur.php(128): App\Models\DataAccess->getstat('a131')
 3 APPPATH\Controllers\Visiteur.php(52): App\Models\ActionsVisiteur->getstatut('a131')
 4 SYSTEMPATH\CodeIgniter.php(927): App\Controllers\Visiteur->index()
 5 SYSTEMPATH\CodeIgniter.php(482): CodeIgniter\CodeIgniter->runController(Object(App\Controllers\Visiteur))
 6 SYSTEMPATH\CodeIgniter.php(351): CodeIgniter\CodeIgniter->handleRequest(null, Object(Config\Cache), false)
 7 FCPATH\index.php(67): CodeIgniter\CodeIgniter->run()
CRITICAL - 2023-05-26 10:09:02 --> Undefined variable $idvisiteur
in APPPATH\Models\DataAccess.php on line 349.
 1 APPPATH\Models\DataAccess.php(349): CodeIgniter\Debug\Exceptions->errorHandler(2, 'Undefined variable $idvisiteur', 'APPPATH\\Models\\DataAccess.php', 349)
 2 APPPATH\Models\ActionsVisiteur.php(128): App\Models\DataAccess->getstat('a131')
 3 APPPATH\Controllers\Visiteur.php(52): App\Models\ActionsVisiteur->getstatut('a131')
 4 SYSTEMPATH\CodeIgniter.php(927): App\Controllers\Visiteur->index()
 5 SYSTEMPATH\CodeIgniter.php(482): CodeIgniter\CodeIgniter->runController(Object(App\Controllers\Visiteur))
 6 SYSTEMPATH\CodeIgniter.php(351): CodeIgniter\CodeIgniter->handleRequest(null, Object(Config\Cache), false)
 7 FCPATH\index.php(67): CodeIgniter\CodeIgniter->run()
CRITICAL - 2023-05-26 10:09:02 --> Undefined variable $idvisiteur
in APPPATH\Models\DataAccess.php on line 349.
 1 APPPATH\Models\DataAccess.php(349): CodeIgniter\Debug\Exceptions->errorHandler(2, 'Undefined variable $idvisiteur', 'APPPATH\\Models\\DataAccess.php', 349)
 2 APPPATH\Models\ActionsVisiteur.php(128): App\Models\DataAccess->getstat('a131')
 3 APPPATH\Controllers\Visiteur.php(52): App\Models\ActionsVisiteur->getstatut('a131')
 4 SYSTEMPATH\CodeIgniter.php(927): App\Controllers\Visiteur->index()
 5 SYSTEMPATH\CodeIgniter.php(482): CodeIgniter\CodeIgniter->runController(Object(App\Controllers\Visiteur))
 6 SYSTEMPATH\CodeIgniter.php(351): CodeIgniter\CodeIgniter->handleRequest(null, Object(Config\Cache), false)
 7 FCPATH\index.php(67): CodeIgniter\CodeIgniter->run()
CRITICAL - 2023-05-26 10:09:02 --> Undefined variable $idvisiteur
in APPPATH\Models\DataAccess.php on line 349.
 1 APPPATH\Models\DataAccess.php(349): CodeIgniter\Debug\Exceptions->errorHandler(2, 'Undefined variable $idvisiteur', 'APPPATH\\Models\\DataAccess.php', 349)
 2 APPPATH\Models\ActionsVisiteur.php(128): App\Models\DataAccess->getstat('a131')
 3 APPPATH\Controllers\Visiteur.php(52): App\Models\ActionsVisiteur->getstatut('a131')
 4 SYSTEMPATH\CodeIgniter.php(927): App\Controllers\Visiteur->index()
 5 SYSTEMPATH\CodeIgniter.php(482): CodeIgniter\CodeIgniter->runController(Object(App\Controllers\Visiteur))
 6 SYSTEMPATH\CodeIgniter.php(351): CodeIgniter\CodeIgniter->handleRequest(null, Object(Config\Cache), false)
 7 FCPATH\index.php(67): CodeIgniter\CodeIgniter->run()
CRITICAL - 2023-05-26 10:09:02 --> Undefined variable $idvisiteur
in APPPATH\Models\DataAccess.php on line 349.
 1 APPPATH\Models\DataAccess.php(349): CodeIgniter\Debug\Exceptions->errorHandler(2, 'Undefined variable $idvisiteur', 'APPPATH\\Models\\DataAccess.php', 349)
 2 APPPATH\Models\ActionsVisiteur.php(128): App\Models\DataAccess->getstat('a131')
 3 APPPATH\Controllers\Visiteur.php(52): App\Models\ActionsVisiteur->getstatut('a131')
 4 SYSTEMPATH\CodeIgniter.php(927): App\Controllers\Visiteur->index()
 5 SYSTEMPATH\CodeIgniter.php(482): CodeIgniter\CodeIgniter->runController(Object(App\Controllers\Visiteur))
 6 SYSTEMPATH\CodeIgniter.php(351): CodeIgniter\CodeIgniter->handleRequest(null, Object(Config\Cache), false)
 7 FCPATH\index.php(67): CodeIgniter\CodeIgniter->run()
CRITICAL - 2023-05-26 10:12:36 --> Array to string conversion
in APPPATH\Views\l_visiteur.php on line 28.
 1 APPPATH\Views\l_visiteur.php(28): CodeIgniter\Debug\Exceptions->errorHandler(2, 'Array to string conversion', 'APPPATH\\Views\\l_visiteur.php', 28)
 2 SYSTEMPATH\View\View.php(213): include('APPPATH\\Views\\l_visiteur.php')
 3 SYSTEMPATH\View\View.php(216): CodeIgniter\View\View->CodeIgniter\View\{closure}()
 4 SYSTEMPATH\View\View.php(229): CodeIgniter\View\View->render('l_visiteur', [], true)
 5 SYSTEMPATH\Common.php(1134): CodeIgniter\View\View->render('v_visiteurAccueil', [], true)
 6 APPPATH\Controllers\Visiteur.php(53): view('v_visiteurAccueil', [...])
 7 SYSTEMPATH\CodeIgniter.php(927): App\Controllers\Visiteur->index()
 8 SYSTEMPATH\CodeIgniter.php(482): CodeIgniter\CodeIgniter->runController(Object(App\Controllers\Visiteur))
 9 SYSTEMPATH\CodeIgniter.php(351): CodeIgniter\CodeIgniter->handleRequest(null, Object(Config\Cache), false)
10 FCPATH\index.php(67): CodeIgniter\CodeIgniter->run()
CRITICAL - 2023-05-26 10:14:08 --> Array to string conversion
in APPPATH\Views\l_visiteur.php on line 28.
 1 APPPATH\Views\l_visiteur.php(28): CodeIgniter\Debug\Exceptions->errorHandler(2, 'Array to string conversion', 'APPPATH\\Views\\l_visiteur.php', 28)
 2 SYSTEMPATH\View\View.php(213): include('APPPATH\\Views\\l_visiteur.php')
 3 SYSTEMPATH\View\View.php(216): CodeIgniter\View\View->CodeIgniter\View\{closure}()
 4 SYSTEMPATH\View\View.php(229): CodeIgniter\View\View->render('l_visiteur', [], true)
 5 SYSTEMPATH\Common.php(1134): CodeIgniter\View\View->render('v_visiteurAccueil', [], true)
 6 APPPATH\Controllers\Visiteur.php(53): view('v_visiteurAccueil', [...])
 7 SYSTEMPATH\CodeIgniter.php(927): App\Controllers\Visiteur->index()
 8 SYSTEMPATH\CodeIgniter.php(482): CodeIgniter\CodeIgniter->runController(Object(App\Controllers\Visiteur))
 9 SYSTEMPATH\CodeIgniter.php(351): CodeIgniter\CodeIgniter->handleRequest(null, Object(Config\Cache), false)
10 FCPATH\index.php(67): CodeIgniter\CodeIgniter->run()
CRITICAL - 2023-05-26 10:14:09 --> Array to string conversion
in APPPATH\Views\l_visiteur.php on line 28.
 1 APPPATH\Views\l_visiteur.php(28): CodeIgniter\Debug\Exceptions->errorHandler(2, 'Array to string conversion', 'APPPATH\\Views\\l_visiteur.php', 28)
 2 SYSTEMPATH\View\View.php(213): include('APPPATH\\Views\\l_visiteur.php')
 3 SYSTEMPATH\View\View.php(216): CodeIgniter\View\View->CodeIgniter\View\{closure}()
 4 SYSTEMPATH\View\View.php(229): CodeIgniter\View\View->render('l_visiteur', [], true)
 5 SYSTEMPATH\Common.php(1134): CodeIgniter\View\View->render('v_visiteurAccueil', [], true)
 6 APPPATH\Controllers\Visiteur.php(53): view('v_visiteurAccueil', [...])
 7 SYSTEMPATH\CodeIgniter.php(927): App\Controllers\Visiteur->index()
 8 SYSTEMPATH\CodeIgniter.php(482): CodeIgniter\CodeIgniter->runController(Object(App\Controllers\Visiteur))
 9 SYSTEMPATH\CodeIgniter.php(351): CodeIgniter\CodeIgniter->handleRequest(null, Object(Config\Cache), false)
10 FCPATH\index.php(67): CodeIgniter\CodeIgniter->run()
CRITICAL - 2023-05-26 10:14:37 --> You must set the database table to be used with your query.
in SYSTEMPATH\Database\BaseConnection.php on line 845.
 1 SYSTEMPATH\Model.php(587): CodeIgniter\Database\BaseConnection->table(null)
 2 SYSTEMPATH\Model.php(764): CodeIgniter\Model->builder()
 3 APPPATH\Controllers\Visiteur.php(52): CodeIgniter\Model->__call('getstat', [...])
 4 SYSTEMPATH\CodeIgniter.php(927): App\Controllers\Visiteur->index()
 5 SYSTEMPATH\CodeIgniter.php(482): CodeIgniter\CodeIgniter->runController(Object(App\Controllers\Visiteur))
 6 SYSTEMPATH\CodeIgniter.php(351): CodeIgniter\CodeIgniter->handleRequest(null, Object(Config\Cache), false)
 7 FCPATH\index.php(67): CodeIgniter\CodeIgniter->run()
CRITICAL - 2023-05-26 10:23:21 --> You must set the database table to be used with your query.
in SYSTEMPATH\Database\BaseConnection.php on line 845.
 1 SYSTEMPATH\Model.php(587): CodeIgniter\Database\BaseConnection->table(null)
 2 SYSTEMPATH\Model.php(764): CodeIgniter\Model->builder()
 3 APPPATH\Controllers\Visiteur.php(52): CodeIgniter\Model->__call('getstat', [...])
 4 SYSTEMPATH\CodeIgniter.php(927): App\Controllers\Visiteur->index()
 5 SYSTEMPATH\CodeIgniter.php(482): CodeIgniter\CodeIgniter->runController(Object(App\Controllers\Visiteur))
 6 SYSTEMPATH\CodeIgniter.php(351): CodeIgniter\CodeIgniter->handleRequest(null, Object(Config\Cache), false)
 7 FCPATH\index.php(67): CodeIgniter\CodeIgniter->run()
CRITICAL - 2023-05-26 10:23:21 --> You must set the database table to be used with your query.
in SYSTEMPATH\Database\BaseConnection.php on line 845.
 1 SYSTEMPATH\Model.php(587): CodeIgniter\Database\BaseConnection->table(null)
 2 SYSTEMPATH\Model.php(764): CodeIgniter\Model->builder()
 3 APPPATH\Controllers\Visiteur.php(52): CodeIgniter\Model->__call('getstat', [...])
 4 SYSTEMPATH\CodeIgniter.php(927): App\Controllers\Visiteur->index()
 5 SYSTEMPATH\CodeIgniter.php(482): CodeIgniter\CodeIgniter->runController(Object(App\Controllers\Visiteur))
 6 SYSTEMPATH\CodeIgniter.php(351): CodeIgniter\CodeIgniter->handleRequest(null, Object(Config\Cache), false)
 7 FCPATH\index.php(67): CodeIgniter\CodeIgniter->run()
CRITICAL - 2023-05-26 10:23:29 --> You must set the database table to be used with your query.
in SYSTEMPATH\Database\BaseConnection.php on line 845.
 1 SYSTEMPATH\Model.php(587): CodeIgniter\Database\BaseConnection->table(null)
 2 SYSTEMPATH\Model.php(764): CodeIgniter\Model->builder()
 3 APPPATH\Controllers\Visiteur.php(52): CodeIgniter\Model->__call('getstat', [...])
 4 SYSTEMPATH\CodeIgniter.php(927): App\Controllers\Visiteur->index()
 5 SYSTEMPATH\CodeIgniter.php(482): CodeIgniter\CodeIgniter->runController(Object(App\Controllers\Visiteur))
 6 SYSTEMPATH\CodeIgniter.php(351): CodeIgniter\CodeIgniter->handleRequest(null, Object(Config\Cache), false)
 7 FCPATH\index.php(67): CodeIgniter\CodeIgniter->run()
CRITICAL - 2023-05-26 10:23:29 --> You must set the database table to be used with your query.
in SYSTEMPATH\Database\BaseConnection.php on line 845.
 1 SYSTEMPATH\Model.php(587): CodeIgniter\Database\BaseConnection->table(null)
 2 SYSTEMPATH\Model.php(764): CodeIgniter\Model->builder()
 3 APPPATH\Controllers\Visiteur.php(52): CodeIgniter\Model->__call('getstat', [...])
 4 SYSTEMPATH\CodeIgniter.php(927): App\Controllers\Visiteur->index()
 5 SYSTEMPATH\CodeIgniter.php(482): CodeIgniter\CodeIgniter->runController(Object(App\Controllers\Visiteur))
 6 SYSTEMPATH\CodeIgniter.php(351): CodeIgniter\CodeIgniter->handleRequest(null, Object(Config\Cache), false)
 7 FCPATH\index.php(67): CodeIgniter\CodeIgniter->run()
CRITICAL - 2023-05-26 10:32:56 --> Undefined variable $req
in APPPATH\Models\ActionsVisiteur.php on line 129.
 1 APPPATH\Models\ActionsVisiteur.php(129): CodeIgniter\Debug\Exceptions->errorHandler(2, 'Undefined variable $req', 'APPPATH\\Models\\ActionsVisiteur.php', 129)
 2 APPPATH\Controllers\Visiteur.php(52): App\Models\ActionsVisiteur->getstatut('a131')
 3 SYSTEMPATH\CodeIgniter.php(927): App\Controllers\Visiteur->index()
 4 SYSTEMPATH\CodeIgniter.php(482): CodeIgniter\CodeIgniter->runController(Object(App\Controllers\Visiteur))
 5 SYSTEMPATH\CodeIgniter.php(351): CodeIgniter\CodeIgniter->handleRequest(null, Object(Config\Cache), false)
 6 FCPATH\index.php(67): CodeIgniter\CodeIgniter->run()
CRITICAL - 2023-05-26 10:39:11 --> You must set the database table to be used with your query.
in SYSTEMPATH\Database\BaseConnection.php on line 845.
 1 SYSTEMPATH\Model.php(587): CodeIgniter\Database\BaseConnection->table(null)
 2 SYSTEMPATH\Model.php(764): CodeIgniter\Model->builder()
 3 APPPATH\Controllers\Visiteur.php(52): CodeIgniter\Model->__call('getstat', [...])
 4 SYSTEMPATH\CodeIgniter.php(927): App\Controllers\Visiteur->index()
 5 SYSTEMPATH\CodeIgniter.php(482): CodeIgniter\CodeIgniter->runController(Object(App\Controllers\Visiteur))
 6 SYSTEMPATH\CodeIgniter.php(351): CodeIgniter\CodeIgniter->handleRequest(null, Object(Config\Cache), false)
 7 FCPATH\index.php(67): CodeIgniter\CodeIgniter->run()
CRITICAL - 2023-05-26 11:25:35 --> syntax error, unexpected token "if"
in APPPATH\Views\l_visiteur.php on line 37.
 1 SYSTEMPATH\View\View.php(216): CodeIgniter\View\View->CodeIgniter\View\{closure}()
 2 SYSTEMPATH\View\View.php(229): CodeIgniter\View\View->render('l_visiteur', [], true)
 3 SYSTEMPATH\Common.php(1134): CodeIgniter\View\View->render('v_visiteurAccueil', [], true)
 4 APPPATH\Controllers\Visiteur.php(53): view('v_visiteurAccueil', [...])
 5 SYSTEMPATH\CodeIgniter.php(927): App\Controllers\Visiteur->index()
 6 SYSTEMPATH\CodeIgniter.php(482): CodeIgniter\CodeIgniter->runController(Object(App\Controllers\Visiteur))
 7 SYSTEMPATH\CodeIgniter.php(351): CodeIgniter\CodeIgniter->handleRequest(null, Object(Config\Cache), false)
 8 FCPATH\index.php(67): CodeIgniter\CodeIgniter->run()
CRITICAL - 2023-05-26 11:26:01 --> syntax error, unexpected token "if"
in APPPATH\Views\l_visiteur.php on line 37.
 1 SYSTEMPATH\View\View.php(216): CodeIgniter\View\View->CodeIgniter\View\{closure}()
 2 SYSTEMPATH\View\View.php(229): CodeIgniter\View\View->render('l_visiteur', [], true)
 3 SYSTEMPATH\Common.php(1134): CodeIgniter\View\View->render('v_visiteurAccueil', [], true)
 4 APPPATH\Controllers\Visiteur.php(53): view('v_visiteurAccueil', [...])
 5 SYSTEMPATH\CodeIgniter.php(927): App\Controllers\Visiteur->index()
 6 SYSTEMPATH\CodeIgniter.php(482): CodeIgniter\CodeIgniter->runController(Object(App\Controllers\Visiteur))
 7 SYSTEMPATH\CodeIgniter.php(351): CodeIgniter\CodeIgniter->handleRequest(null, Object(Config\Cache), false)
 8 FCPATH\index.php(67): CodeIgniter\CodeIgniter->run()
CRITICAL - 2023-05-26 11:26:59 --> syntax error, unexpected token ";"
in APPPATH\Views\l_visiteur.php on line 51.
 1 SYSTEMPATH\View\View.php(216): CodeIgniter\View\View->CodeIgniter\View\{closure}()
 2 SYSTEMPATH\View\View.php(229): CodeIgniter\View\View->render('l_visiteur', [], true)
 3 SYSTEMPATH\Common.php(1134): CodeIgniter\View\View->render('v_visiteurAccueil', [], true)
 4 APPPATH\Controllers\Visiteur.php(53): view('v_visiteurAccueil', [...])
 5 SYSTEMPATH\CodeIgniter.php(927): App\Controllers\Visiteur->index()
 6 SYSTEMPATH\CodeIgniter.php(482): CodeIgniter\CodeIgniter->runController(Object(App\Controllers\Visiteur))
 7 SYSTEMPATH\CodeIgniter.php(351): CodeIgniter\CodeIgniter->handleRequest(null, Object(Config\Cache), false)
 8 FCPATH\index.php(67): CodeIgniter\CodeIgniter->run()
CRITICAL - 2023-05-26 11:28:01 --> syntax error, unexpected token "if"
in APPPATH\Views\l_visiteur.php on line 37.
 1 SYSTEMPATH\View\View.php(216): CodeIgniter\View\View->CodeIgniter\View\{closure}()
 2 SYSTEMPATH\View\View.php(229): CodeIgniter\View\View->render('l_visiteur', [], true)
 3 SYSTEMPATH\Common.php(1134): CodeIgniter\View\View->render('v_visiteurAccueil', [], true)
 4 APPPATH\Controllers\Visiteur.php(53): view('v_visiteurAccueil', [...])
 5 SYSTEMPATH\CodeIgniter.php(927): App\Controllers\Visiteur->index()
 6 SYSTEMPATH\CodeIgniter.php(482): CodeIgniter\CodeIgniter->runController(Object(App\Controllers\Visiteur))
 7 SYSTEMPATH\CodeIgniter.php(351): CodeIgniter\CodeIgniter->handleRequest(null, Object(Config\Cache), false)
 8 FCPATH\index.php(67): CodeIgniter\CodeIgniter->run()
CRITICAL - 2023-05-26 11:28:12 --> syntax error, unexpected token "if"
in APPPATH\Views\l_visiteur.php on line 34.
 1 SYSTEMPATH\View\View.php(216): CodeIgniter\View\View->CodeIgniter\View\{closure}()
 2 SYSTEMPATH\View\View.php(229): CodeIgniter\View\View->render('l_visiteur', [], true)
 3 SYSTEMPATH\Common.php(1134): CodeIgniter\View\View->render('v_visiteurAccueil', [], true)
 4 APPPATH\Controllers\Visiteur.php(53): view('v_visiteurAccueil', [...])
 5 SYSTEMPATH\CodeIgniter.php(927): App\Controllers\Visiteur->index()
 6 SYSTEMPATH\CodeIgniter.php(482): CodeIgniter\CodeIgniter->runController(Object(App\Controllers\Visiteur))
 7 SYSTEMPATH\CodeIgniter.php(351): CodeIgniter\CodeIgniter->handleRequest(null, Object(Config\Cache), false)
 8 FCPATH\index.php(67): CodeIgniter\CodeIgniter->run()
CRITICAL - 2023-05-26 11:31:25 --> syntax error, unexpected identifier "visiteur", expecting "," or ";"
in APPPATH\Views\l_visiteur.php on line 38.
 1 SYSTEMPATH\View\View.php(216): CodeIgniter\View\View->CodeIgniter\View\{closure}()
 2 SYSTEMPATH\View\View.php(229): CodeIgniter\View\View->render('l_visiteur', [], true)
 3 SYSTEMPATH\Common.php(1134): CodeIgniter\View\View->render('v_visiteurAccueil', [], true)
 4 APPPATH\Controllers\Visiteur.php(53): view('v_visiteurAccueil', [...])
 5 SYSTEMPATH\CodeIgniter.php(927): App\Controllers\Visiteur->index()
 6 SYSTEMPATH\CodeIgniter.php(482): CodeIgniter\CodeIgniter->runController(Object(App\Controllers\Visiteur))
 7 SYSTEMPATH\CodeIgniter.php(351): CodeIgniter\CodeIgniter->handleRequest(null, Object(Config\Cache), false)
 8 FCPATH\index.php(67): CodeIgniter\CodeIgniter->run()
CRITICAL - 2023-05-26 11:36:58 --> syntax error, unexpected token ";"
in APPPATH\Views\l_visiteur.php on line 52.
 1 SYSTEMPATH\View\View.php(216): CodeIgniter\View\View->CodeIgniter\View\{closure}()
 2 SYSTEMPATH\View\View.php(229): CodeIgniter\View\View->render('l_visiteur', [], true)
 3 SYSTEMPATH\Common.php(1134): CodeIgniter\View\View->render('v_visiteurAccueil', [], true)
 4 APPPATH\Controllers\Visiteur.php(53): view('v_visiteurAccueil', [...])
 5 SYSTEMPATH\CodeIgniter.php(927): App\Controllers\Visiteur->index()
 6 SYSTEMPATH\CodeIgniter.php(482): CodeIgniter\CodeIgniter->runController(Object(App\Controllers\Visiteur))
 7 SYSTEMPATH\CodeIgniter.php(351): CodeIgniter\CodeIgniter->handleRequest(null, Object(Config\Cache), false)
 8 FCPATH\index.php(67): CodeIgniter\CodeIgniter->run()
CRITICAL - 2023-05-26 11:37:54 --> syntax error, unexpected token "<", expecting end of file
in APPPATH\Views\l_visiteur.php on line 55.
 1 SYSTEMPATH\View\View.php(216): CodeIgniter\View\View->CodeIgniter\View\{closure}()
 2 SYSTEMPATH\View\View.php(229): CodeIgniter\View\View->render('l_visiteur', [], true)
 3 SYSTEMPATH\Common.php(1134): CodeIgniter\View\View->render('v_visiteurAccueil', [], true)
 4 APPPATH\Controllers\Visiteur.php(53): view('v_visiteurAccueil', [...])
 5 SYSTEMPATH\CodeIgniter.php(927): App\Controllers\Visiteur->index()
 6 SYSTEMPATH\CodeIgniter.php(482): CodeIgniter\CodeIgniter->runController(Object(App\Controllers\Visiteur))
 7 SYSTEMPATH\CodeIgniter.php(351): CodeIgniter\CodeIgniter->handleRequest(null, Object(Config\Cache), false)
 8 FCPATH\index.php(67): CodeIgniter\CodeIgniter->run()
