CRITICAL - 2023-03-14 09:57:45 --> Invalid file: errors/html/error_401.php
in SYSTEMPATH\Exceptions\FrameworkException.php on line 33.
 1 SYSTEMPATH\View\View.php(201): CodeIgniter\Exceptions\FrameworkException::forInvalidFile('errors/html/error_401.php')
 2 SYSTEMPATH\Common.php(1134): CodeIgniter\View\View->render('errors/html/error_401', [], true)
 3 APPPATH\Controllers\Visiteur.php(42): view('errors/html/error_401')
 4 APPPATH\Controllers\Visiteur.php(68): App\Controllers\Visiteur->unauthorizedAccess()
 5 SYSTEMPATH\CodeIgniter.php(927): App\Controllers\Visiteur->seDeconnecter()
 6 SYSTEMPATH\CodeIgniter.php(482): CodeIgniter\CodeIgniter->runController(Object(App\Controllers\Visiteur))
 7 SYSTEMPATH\CodeIgniter.php(351): CodeIgniter\CodeIgniter->handleRequest(null, Object(Config\Cache), false)
 8 FCPATH\index.php(67): CodeIgniter\CodeIgniter->run()
CRITICAL - 2023-03-14 09:58:00 --> Invalid file: errors/html/error_401.php
in SYSTEMPATH\Exceptions\FrameworkException.php on line 33.
 1 SYSTEMPATH\View\View.php(201): CodeIgniter\Exceptions\FrameworkException::forInvalidFile('errors/html/error_401.php')
 2 SYSTEMPATH\Common.php(1134): CodeIgniter\View\View->render('errors/html/error_401', [], true)
 3 APPPATH\Controllers\Visiteur.php(42): view('errors/html/error_401')
 4 APPPATH\Controllers\Visiteur.php(49): App\Controllers\Visiteur->unauthorizedAccess()
 5 SYSTEMPATH\CodeIgniter.php(927): App\Controllers\Visiteur->index()
 6 SYSTEMPATH\CodeIgniter.php(482): CodeIgniter\CodeIgniter->runController(Object(App\Controllers\Visiteur))
 7 SYSTEMPATH\CodeIgniter.php(351): CodeIgniter\CodeIgniter->handleRequest(null, Object(Config\Cache), false)
 8 FCPATH\index.php(67): CodeIgniter\CodeIgniter->run()
CRITICAL - 2023-03-14 10:02:38 --> Too few arguments to function App\Models\Authentif::connecter(), 3 passed in P:\AP\2.AppliFrais\applifrais-R2022\applifrais-CI4.2\app\Controllers\Anonyme.php on line 42 and exactly 4 expected
in APPPATH\Models\Authentif.php on line 34.
 1 APPPATH\Controllers\Anonyme.php(42): App\Models\Authentif->connecter('8TIW', 'lebrun', 'titouan')
 2 SYSTEMPATH\CodeIgniter.php(927): App\Controllers\Anonyme->seConnecter()
 3 SYSTEMPATH\CodeIgniter.php(482): CodeIgniter\CodeIgniter->runController(Object(App\Controllers\Anonyme))
 4 SYSTEMPATH\CodeIgniter.php(351): CodeIgniter\CodeIgniter->handleRequest(null, Object(Config\Cache), false)
 5 FCPATH\index.php(67): CodeIgniter\CodeIgniter->run()
CRITICAL - 2023-03-14 10:05:40 --> Undefined index: Comptable
in APPPATH\Controllers\Anonyme.php on line 42.
 1 APPPATH\Controllers\Anonyme.php(42): CodeIgniter\Debug\Exceptions->errorHandler(8, 'Undefined index: Comptable', 'APPPATH\\Controllers\\Anonyme.php', 42, [...])
 2 SYSTEMPATH\CodeIgniter.php(927): App\Controllers\Anonyme->seConnecter()
 3 SYSTEMPATH\CodeIgniter.php(482): CodeIgniter\CodeIgniter->runController(Object(App\Controllers\Anonyme))
 4 SYSTEMPATH\CodeIgniter.php(351): CodeIgniter\CodeIgniter->handleRequest(null, Object(Config\Cache), false)
 5 FCPATH\index.php(67): CodeIgniter\CodeIgniter->run()
