ERROR - 2023-03-21 07:51:37 --> mysqli_sql_exception: Table 'appli_frais.fichefrais' doesn't exist in P:\Documents\BTS_SIO_2\AP-SLAM\2.AppliFrais\applifrais-CI4.2\system\Database\MySQLi\Connection.php:292
Stack trace:
#0 P:\Documents\BTS_SIO_2\AP-SLAM\2.AppliFrais\applifrais-CI4.2\system\Database\MySQLi\Connection.php(292): mysqli->query('select count(*)...', 0)
#1 P:\Documents\BTS_SIO_2\AP-SLAM\2.AppliFrais\applifrais-CI4.2\system\Database\BaseConnection.php(666): CodeIgniter\Database\MySQLi\Connection->execute('select count(*)...')
#2 P:\Documents\BTS_SIO_2\AP-SLAM\2.AppliFrais\applifrais-CI4.2\system\Database\BaseConnection.php(593): CodeIgniter\Database\BaseConnection->simpleQuery('select count(*)...')
#3 P:\Documents\BTS_SIO_2\AP-SLAM\2.AppliFrais\applifrais-CI4.2\app\Models\DataAccess.php(158): CodeIgniter\Database\BaseConnection->query('select count(*)...')
#4 P:\Documents\BTS_SIO_2\AP-SLAM\2.AppliFrais\applifrais-CI4.2\app\Models\ActionsVisiteur.php(34): App\Models\DataAccess->existeFiche('8TIW', '202303')
#5 P:\Documents\BTS_SIO_2\AP-SLAM\2.AppliFrais\applifrais-CI4.2\app\Controllers\Visiteur.php(33): App\Models\ActionsVisiteur->checkLastSix('8TIW')
#6 P:\Documents\BTS_SIO_2\AP-SLAM\2.AppliFrais\applifrais-CI4.2\app\Controllers\Visiteur.php(86): App\Controllers\Visiteur->checkAuth()
#7 P:\Documents\BTS_SIO_2\AP-SLAM\2.AppliFrais\applifrais-CI4.2\system\CodeIgniter.php(927): App\Controllers\Visiteur->modMaFiche('202303')
#8 P:\Documents\BTS_SIO_2\AP-SLAM\2.AppliFrais\applifrais-CI4.2\system\CodeIgniter.php(482): CodeIgniter\CodeIgniter->runController(Object(App\Controllers\Visiteur))
#9 P:\Documents\BTS_SIO_2\AP-SLAM\2.AppliFrais\applifrais-CI4.2\system\CodeIgniter.php(351): CodeIgniter\CodeIgniter->handleRequest(NULL, Object(Config\Cache), false)
#10 P:\Documents\BTS_SIO_2\AP-SLAM\2.AppliFrais\applifrais-CI4.2\public\index.php(67): CodeIgniter\CodeIgniter->run()
#11 {main}
CRITICAL - 2023-03-21 07:51:37 --> Table 'appli_frais.fichefrais' doesn't exist
in SYSTEMPATH\Database\MySQLi\Connection.php on line 292.
 1 SYSTEMPATH\Database\MySQLi\Connection.php(292): mysqli->query('select count(*) as nblignesfrais 
				from fichefrais 
				where fichefrais.mois = \'202303\' and fichefrais.idvisiteur = \'8TIW\'', 0)
 2 SYSTEMPATH\Database\BaseConnection.php(666): CodeIgniter\Database\MySQLi\Connection->execute('select count(*) as nblignesfrais 
				from fichefrais 
				where fichefrais.mois = \'202303\' and fichefrais.idvisiteur = \'8TIW\'')
 3 SYSTEMPATH\Database\BaseConnection.php(593): CodeIgniter\Database\BaseConnection->simpleQuery('select count(*) as nblignesfrais 
				from fichefrais 
				where fichefrais.mois = \'202303\' and fichefrais.idvisiteur = \'8TIW\'')
 4 APPPATH\Models\DataAccess.php(158): CodeIgniter\Database\BaseConnection->query('select count(*) as nblignesfrais 
				from fichefrais 
				where fichefrais.mois = \'202303\' and fichefrais.idvisiteur = \'8TIW\'')
 5 APPPATH\Models\ActionsVisiteur.php(34): App\Models\DataAccess->existeFiche('8TIW', '202303')
 6 APPPATH\Controllers\Visiteur.php(33): App\Models\ActionsVisiteur->checkLastSix('8TIW')
 7 APPPATH\Controllers\Visiteur.php(86): App\Controllers\Visiteur->checkAuth()
 8 SYSTEMPATH\CodeIgniter.php(927): App\Controllers\Visiteur->modMaFiche('202303')
 9 SYSTEMPATH\CodeIgniter.php(482): CodeIgniter\CodeIgniter->runController(Object(App\Controllers\Visiteur))
10 SYSTEMPATH\CodeIgniter.php(351): CodeIgniter\CodeIgniter->handleRequest(null, Object(Config\Cache), false)
11 FCPATH\index.php(67): CodeIgniter\CodeIgniter->run()
